<?xml version="1.0" encoding="UTF-8"?>
<testsuite xmlns:xsi="http://www.w3.org/2001/XMLSchema-instance" xsi:noNamespaceSchemaLocation="https://maven.apache.org/surefire/maven-surefire-plugin/xsd/surefire-test-report-3.0.xsd" version="3.0" name="com.mycompany.recipeaggregator.service.RecipeServiceTest" time="0.083" tests="8" errors="0" skipped="0" failures="0">
  <properties>
[...]
</properties>
  <testcase name="shouldThrowExceptionWhenUpdateIdIsInvalid" classname="com.mycompany.recipeaggregator.service.RecipeServiceTest" time="0.034"/>
  <testcase name="shouldReturnListOfRecipeDTOs" classname="com.mycompany.recipeaggregator.service.RecipeServiceTest" time="0.01"/>
  <testcase name="shouldDeleteRecipeWhenIdIsValid" classname="com.mycompany.recipeaggregator.service.RecipeServiceTest" time="0.006"/>
  <testcase name="shouldUpdateRecipeWhenValid" classname="com.mycompany.recipeaggregator.service.RecipeServiceTest" time="0.004"/>
  <testcase name="shouldThrowExceptionWhenDeleteIdIsInvalid" classname="com.mycompany.recipeaggregator.service.RecipeServiceTest" time="0.004"/>
  <testcase name="shouldThrowExceptionWhenUpdateDtoIsNull" classname="com.mycompany.recipeaggregator.service.RecipeServiceTest" time="0.004"/>
  <testcase name="shouldThrowExceptionWhenNameIsBlank" classname="com.mycompany.recipeaggregator.service.RecipeServiceTest" time="0.005"/>
  <testcase name="shouldCreateRecipeWhenValid" classname="com.mycompany.recipeaggregator.service.RecipeServiceTest" time="0.003"/>
</testsuite>