<?xml version="1.0" encoding="UTF-8"?>
<testsuite xmlns:xsi="http://www.w3.org/2001/XMLSchema-instance" xsi:noNamespaceSchemaLocation="https://maven.apache.org/surefire/maven-surefire-plugin/xsd/surefire-test-report-3.0.xsd" version="3.0" name="com.mycompany.recipeaggregator.service.RecipeIngredientServiceTest" time="1.03" tests="10" errors="0" skipped="0" failures="0">
  <properties>
[...]
</properties>
  <testcase name="shouldAddIngredient" classname="com.mycompany.recipeaggregator.service.RecipeIngredientServiceTest" time="0.926">
    <system-err><![CDATA[Mockito is currently self-attaching to enable the inline-mock-maker. This will no longer work in future releases of the JDK. Please add Mockito as an agent to your build as described in Mockito's documentation: https://javadoc.io/doc/org.mockito/mockito-core/latest/org.mockito/org/mockito/Mockito.html#0.3
WARNING: A Java agent has been loaded dynamically (/home/renan-ruiz/.m2/repository/net/bytebuddy/byte-buddy-agent/1.17.7/byte-buddy-agent-1.17.7.jar)
WARNING: If a serviceability tool is in use, please run with -XX:+EnableDynamicAgentLoading to hide this warning
WARNING: If a serviceability tool is not in use, please run with -Djdk.instrument.traceUsage for more information
WARNING: Dynamic loading of agents will be disallowed by default in a future release
]]></system-err>
  </testcase>
  <testcase name="shouldUpdateIngredient" classname="com.mycompany.recipeaggregator.service.RecipeIngredientServiceTest" time="0.005"/>
  <testcase name="shouldThrowWhenDtoIsNull" classname="com.mycompany.recipeaggregator.service.RecipeIngredientServiceTest" time="0.008"/>
  <testcase name="shouldThrowWhenRecipeIdInvalid" classname="com.mycompany.recipeaggregator.service.RecipeIngredientServiceTest" time="0.004"/>
  <testcase name="shouldThrowWhenQuantityInvalidOnAdd" classname="com.mycompany.recipeaggregator.service.RecipeIngredientServiceTest" time="0.005"/>
  <testcase name="shouldThrowWhenUnitIsBlankOnUpdate" classname="com.mycompany.recipeaggregator.service.RecipeIngredientServiceTest" time="0.004"/>
  <testcase name="shouldThrowWhenActionIsInvalid" classname="com.mycompany.recipeaggregator.service.RecipeIngredientServiceTest" time="0.004"/>
  <testcase name="shouldRemoveIngredient" classname="com.mycompany.recipeaggregator.service.RecipeIngredientServiceTest" time="0.003"/>
  <testcase name="shouldThrowWhenActionIsNull" classname="com.mycompany.recipeaggregator.service.RecipeIngredientServiceTest" time="0.003"/>
  <testcase name="shouldThrowWhenIngredientIdInvalid" classname="com.mycompany.recipeaggregator.service.RecipeIngredientServiceTest" time="0.003"/>
</testsuite>