<?xml version="1.0" encoding="UTF-8"?>
<testsuite xmlns:xsi="http://www.w3.org/2001/XMLSchema-instance" xsi:noNamespaceSchemaLocation="https://maven.apache.org/surefire/maven-surefire-plugin/xsd/surefire-test-report-3.0.xsd" version="3.0" name="com.mycompany.recipeaggregator.e2e.RecipeE2ETest" time="2.899" tests="1" errors="0" skipped="0" failures="0">
  <properties>
[...]
</properties>
  <testcase name="shouldCreateAndFindRecipe" classname="com.mycompany.recipeaggregator.e2e.RecipeE2ETest" time="2.02">
    <system-out><![CDATA[Hibernate: create table ingredients (id integer, name varchar(255), primary key (id))
Hibernate: create table recipe_ingredients (ingredient_id integer not null, recipe_id integer not null, quantity integer not null, unit varchar(255), primary key (ingredient_id, recipe_id))
Hibernate: create table recipes (id integer, description varchar(255), name varchar(255), portions integer not null, preparation_time integer, primary key (id))
Hibernate: insert into ingredients (name) values (?)
Hibernate: select last_insert_rowid()
Hibernate: select i1_0.id,i1_0.name from ingredients i1_0 where i1_0.id=?
Hibernate: insert into recipes (description,name,portions,preparation_time) values (?,?,?,?)
Hibernate: select last_insert_rowid()
Hibernate: insert into recipe_ingredients (quantity,unit,ingredient_id,recipe_id) values (?,?,?,?)
Hibernate: select r1_0.id,r1_0.description,i1_0.recipe_id,i1_0.ingredient_id,i2_0.id,i2_0.name,i1_0.quantity,i1_0.unit,r1_0.name,r1_0.portions,r1_0.preparation_time from recipes r1_0 left join recipe_ingredients i1_0 on r1_0.id=i1_0.recipe_id left join ingredients i2_0 on i2_0.id=i1_0.ingredient_id
Listing recipes
]]></system-out>
    <system-err><![CDATA[Apr 08, 2026 6:42:14 PM org.apache.catalina.core.StandardService startInternal
INFO: Starting service [Tomcat]
Apr 08, 2026 6:42:14 PM org.apache.catalina.core.StandardEngine startInternal
INFO: Starting Servlet engine: [Apache Tomcat/10.0.27]
Apr 08, 2026 6:42:14 PM org.apache.coyote.AbstractProtocol init
INFO: Initializing ProtocolHandler ["http-nio-auto-1"]
Apr 08, 2026 6:42:14 PM org.apache.coyote.AbstractProtocol start
INFO: Starting ProtocolHandler ["http-nio-auto-1-46641"]
Apr 08, 2026 6:42:14 PM org.hibernate.Version logVersion
INFO: HHH000412: Hibernate ORM core version 6.4.4.Final
Apr 08, 2026 6:42:14 PM org.hibernate.boot.jaxb.internal.stax.LocalXmlResourceResolver resolveEntity
WARN: HHH90000012: Recognized obsolete hibernate namespace http://hibernate.sourceforge.net/hibernate-configuration. Use namespace http://www.hibernate.org/dtd/hibernate-configuration instead.  Support for obsolete DTD/XSD namespaces may be removed at any time.
Apr 08, 2026 6:42:14 PM org.hibernate.cache.internal.RegionFactoryInitiator initiateService
INFO: HHH000026: Second-level cache disabled
Apr 08, 2026 6:42:14 PM org.hibernate.engine.jdbc.connections.internal.DriverManagerConnectionProviderImpl configure
WARN: HHH10001002: Using built-in connection pool (not intended for production use)
Apr 08, 2026 6:42:14 PM org.hibernate.engine.jdbc.connections.internal.DriverManagerConnectionProviderImpl buildCreator
INFO: HHH10001005: Loaded JDBC driver class: org.sqlite.JDBC
Apr 08, 2026 6:42:14 PM org.hibernate.engine.jdbc.connections.internal.DriverManagerConnectionProviderImpl buildCreator
INFO: HHH10001012: Connecting with JDBC URL [jdbc:sqlite:file:testdb?mode=memory&cache=shared]
Apr 08, 2026 6:42:14 PM org.hibernate.engine.jdbc.connections.internal.DriverManagerConnectionProviderImpl buildCreator
INFO: HHH10001001: Connection properties: {}
Apr 08, 2026 6:42:14 PM org.hibernate.engine.jdbc.connections.internal.DriverManagerConnectionProviderImpl buildCreator
INFO: HHH10001003: Autocommit mode: false
Apr 08, 2026 6:42:14 PM org.hibernate.engine.jdbc.connections.internal.DriverManagerConnectionProviderImpl$PooledConnections <init>
INFO: HHH10001115: Connection pool size: 20 (min=1)
Apr 08, 2026 6:42:16 PM org.hibernate.engine.transaction.jta.platform.internal.JtaPlatformInitiator initiateService
INFO: HHH000489: No JTA platform available (set 'hibernate.transaction.jta.platform' to enable JTA platform integration)
Apr 08, 2026 6:42:16 PM org.hibernate.resource.transaction.backend.jdbc.internal.DdlTransactionIsolatorNonJtaImpl getIsolatedConnection
INFO: HHH10001501: Connection obtained from JdbcConnectionAccess [org.hibernate.engine.jdbc.env.internal.JdbcEnvironmentInitiator$ConnectionProviderJdbcConnectionAccess@e78c8d3] for (non-JTA) DDL execution was not in auto-commit mode; the Connection 'local transaction' will be committed and the Connection will be set into auto-commit mode.
]]></system-err>
  </testcase>
</testsuite>